<?xml version="1.0" encoding="UTF-8"?>
<testsuite xmlns:xsi="http://www.w3.org/2001/XMLSchema-instance" xsi:noNamespaceSchemaLocation="https://maven.apache.org/surefire/maven-surefire-plugin/xsd/surefire-test-report.xsd" name="com.spolancom.app.AppTest" time="0.053" tests="1" errors="0" skipped="0" failures="0">
  <properties>
    <property name="awt.toolkit" value="sun.awt.X11.XToolkit"/>
    <property name="java.specification.version" value="12"/>
    <property name="sun.jnu.encoding" value="ANSI_X3.4-1968"/>
    <property name="java.class.path" value="/home/raziel/Documentos/UPvictoria/Cuatrimestres/SepDic19/materias/POO/Clases/gitRepo/Unidad_1/Unidad1app/target/test-classes:/home/raziel/Documentos/UPvictoria/Cuatrimestres/SepDic19/materias/POO/Clases/gitRepo/Unidad_1/Unidad1app/target/classes:/home/raziel/.m2/repository/junit/junit/4.11/junit-4.11.jar:/home/raziel/.m2/repository/org/hamcrest/hamcrest-core/1.3/hamcrest-core-1.3.jar:"/>
    <property name="java.vm.vendor" value="Oracle Corporation"/>
    <property name="sun.arch.data.model" value="64"/>
    <property name="java.vendor.url" value="https://openjdk.java.net/"/>
    <property name="os.name" value="Linux"/>
    <property name="java.vm.specification.version" value="12"/>
    <property name="sun.java.launcher" value="SUN_STANDARD"/>
    <property name="user.country" value="US"/>
    <property name="sun.boot.library.path" value="/usr/lib/jvm/java-12-openjdk/lib"/>
    <property name="sun.java.command" value="/home/raziel/Documentos/UPvictoria/Cuatrimestres/SepDic19/materias/POO/Clases/gitRepo/Unidad_1/Unidad1app/target/surefire/surefirebooter8521871762388571460.jar /home/raziel/Documentos/UPvictoria/Cuatrimestres/SepDic19/materias/POO/Clases/gitRepo/Unidad_1/Unidad1app/target/surefire 2019-08-26T15-01-00_562-jvmRun1 surefire1386874628996898416tmp surefire_02198936672456094806tmp"/>
    <property name="jdk.debug" value="release"/>
    <property name="surefire.test.class.path" value="/home/raziel/Documentos/UPvictoria/Cuatrimestres/SepDic19/materias/POO/Clases/gitRepo/Unidad_1/Unidad1app/target/test-classes:/home/raziel/Documentos/UPvictoria/Cuatrimestres/SepDic19/materias/POO/Clases/gitRepo/Unidad_1/Unidad1app/target/classes:/home/raziel/.m2/repository/junit/junit/4.11/junit-4.11.jar:/home/raziel/.m2/repository/org/hamcrest/hamcrest-core/1.3/hamcrest-core-1.3.jar:"/>
    <property name="sun.cpu.endian" value="little"/>
    <property name="user.home" value="/home/raziel"/>
    <property name="user.language" value="en"/>
    <property name="java.specification.vendor" value="Oracle Corporation"/>
    <property name="java.version.date" value="2019-07-16"/>
    <property name="java.home" value="/usr/lib/jvm/java-12-openjdk"/>
    <property name="file.separator" value="/"/>
    <property name="basedir" value="/home/raziel/Documentos/UPvictoria/Cuatrimestres/SepDic19/materias/POO/Clases/gitRepo/Unidad_1/Unidad1app"/>
    <property name="java.vm.compressedOopsMode" value="Zero based"/>
    <property name="line.separator" value="&#10;"/>
    <property name="java.vm.specification.vendor" value="Oracle Corporation"/>
    <property name="java.specification.name" value="Java Platform API Specification"/>
    <property name="java.awt.graphicsenv" value="sun.awt.X11GraphicsEnvironment"/>
    <property name="surefire.real.class.path" value="/home/raziel/Documentos/UPvictoria/Cuatrimestres/SepDic19/materias/POO/Clases/gitRepo/Unidad_1/Unidad1app/target/surefire/surefirebooter8521871762388571460.jar"/>
    <property name="sun.management.compiler" value="HotSpot 64-Bit Tiered Compilers"/>
    <property name="java.runtime.version" value="12.0.2+10"/>
    <property name="user.name" value="raziel"/>
    <property name="path.separator" value=":"/>
    <property name="os.version" value="5.2.9-arch1-1-ARCH"/>
    <property name="java.runtime.name" value="OpenJDK Runtime Environment"/>
    <property name="file.encoding" value="ANSI_X3.4-1968"/>
    <property name="java.vm.name" value="OpenJDK 64-Bit Server VM"/>
    <property name="localRepository" value="/home/raziel/.m2/repository"/>
    <property name="java.vendor.url.bug" value="https://bugreport.java.com/bugreport/"/>
    <property name="java.io.tmpdir" value="/tmp"/>
    <property name="java.version" value="12.0.2"/>
    <property name="user.dir" value="/home/raziel/Documentos/UPvictoria/Cuatrimestres/SepDic19/materias/POO/Clases/gitRepo/Unidad_1/Unidad1app"/>
    <property name="os.arch" value="amd64"/>
    <property name="java.vm.specification.name" value="Java Virtual Machine Specification"/>
    <property name="java.library.path" value="/usr/java/packages/lib:/usr/lib64:/lib64:/lib:/usr/lib"/>
    <property name="java.vm.info" value="mixed mode"/>
    <property name="java.vendor" value="N/A"/>
    <property name="java.vm.version" value="12.0.2+10"/>
    <property name="sun.io.unicode.encoding" value="UnicodeLittle"/>
    <property name="java.class.version" value="56.0"/>
  </properties>
  <testcase name="shouldAnswerWithTrue" classname="com.spolancom.app.AppTest" time="0.003"/>
</testsuite>